D:\DOCUMENTS\GITHUB\BSPDEMO\BUILD\WIN32\DEBUG\BSPDEMO.EXE
D:\DOCUMENTS\GITHUB\BSPDEMO\BUILD\WIN32\DEBUG\BSPDEMO.ILK
D:\DOCUMENTS\GITHUB\BSPDEMO\BUILD\WIN32\DEBUG\BSPDEMO.PDB
D:\DOCUMENTS\GITHUB\BSPDEMO\BUILD\WIN32\DEBUG\INTERMEDIATE\BSPDEMO.EXE.EMBED.MANIFEST
D:\DOCUMENTS\GITHUB\BSPDEMO\BUILD\WIN32\DEBUG\INTERMEDIATE\BSPDEMO.EXE.EMBED.MANIFEST.RES
D:\DOCUMENTS\GITHUB\BSPDEMO\BUILD\WIN32\DEBUG\INTERMEDIATE\BSPDEMO.EXE.INTERMEDIATE.MANIFEST
D:\DOCUMENTS\GITHUB\BSPDEMO\BUILD\WIN32\DEBUG\INTERMEDIATE\BSPDEMO.OBJ
D:\DOCUMENTS\GITHUB\BSPDEMO\BUILD\WIN32\DEBUG\INTERMEDIATE\BSPDEMO.PCH
D:\Documents\GITHUB\BSPDemo\build\Win32\Debug\intermediate\BSPDemo.vcxprojResolveAssemblyReference.cache
D:\Documents\GITHUB\BSPDemo\build\Win32\Debug\intermediate\BSPDemo.write.1.tlog
D:\Documents\GITHUB\BSPDemo\build\Win32\Debug\intermediate\BSPDemo_manifest.rc
D:\Documents\GITHUB\BSPDemo\build\Win32\Debug\intermediate\cl.command.1.tlog
D:\Documents\GITHUB\BSPDemo\build\Win32\Debug\intermediate\CL.read.1.tlog
D:\Documents\GITHUB\BSPDemo\build\Win32\Debug\intermediate\CL.write.1.tlog
D:\DOCUMENTS\GITHUB\BSPDEMO\BUILD\WIN32\DEBUG\INTERMEDIATE\COMMON.OBJ
D:\DOCUMENTS\GITHUB\BSPDEMO\BUILD\WIN32\DEBUG\INTERMEDIATE\EDICT.OBJ
D:\DOCUMENTS\GITHUB\BSPDEMO\BUILD\WIN32\DEBUG\INTERMEDIATE\EVENTS.OBJ
D:\DOCUMENTS\GITHUB\BSPDEMO\BUILD\WIN32\DEBUG\INTERMEDIATE\GLFUNCS.OBJ
D:\DOCUMENTS\GITHUB\BSPDEMO\BUILD\WIN32\DEBUG\INTERMEDIATE\GLSYS.OBJ
D:\DOCUMENTS\GITHUB\BSPDEMO\BUILD\WIN32\DEBUG\INTERMEDIATE\KEYS.OBJ
D:\Documents\GITHUB\BSPDemo\build\Win32\Debug\intermediate\link.5664.read.1.tlog
D:\Documents\GITHUB\BSPDemo\build\Win32\Debug\intermediate\link.5664.write.1.tlog
D:\Documents\GITHUB\BSPDemo\build\Win32\Debug\intermediate\link.5664-cvtres.read.1.tlog
D:\Documents\GITHUB\BSPDemo\build\Win32\Debug\intermediate\link.5664-cvtres.write.1.tlog
D:\Documents\GITHUB\BSPDemo\build\Win32\Debug\intermediate\link.command.1.tlog
D:\Documents\GITHUB\BSPDemo\build\Win32\Debug\intermediate\link.read.1.tlog
D:\Documents\GITHUB\BSPDemo\build\Win32\Debug\intermediate\link.write.1.tlog
D:\Documents\GITHUB\BSPDemo\build\Win32\Debug\intermediate\link-cvtres.read.1.tlog
D:\Documents\GITHUB\BSPDemo\build\Win32\Debug\intermediate\link-cvtres.write.1.tlog
D:\DOCUMENTS\GITHUB\BSPDEMO\BUILD\WIN32\DEBUG\INTERMEDIATE\MENU.OBJ
D:\DOCUMENTS\GITHUB\BSPDEMO\BUILD\WIN32\DEBUG\INTERMEDIATE\MODEL.OBJ
D:\Documents\GITHUB\BSPDemo\build\Win32\Debug\intermediate\mt.command.1.tlog
D:\Documents\GITHUB\BSPDemo\build\Win32\Debug\intermediate\mt.read.1.tlog
D:\Documents\GITHUB\BSPDemo\build\Win32\Debug\intermediate\mt.write.1.tlog
D:\DOCUMENTS\GITHUB\BSPDEMO\BUILD\WIN32\DEBUG\INTERMEDIATE\PRECOMPILED.OBJ
D:\Documents\GITHUB\BSPDemo\build\Win32\Debug\intermediate\rc.command.1.tlog
D:\Documents\GITHUB\BSPDemo\build\Win32\Debug\intermediate\rc.read.1.tlog
D:\Documents\GITHUB\BSPDemo\build\Win32\Debug\intermediate\rc.write.1.tlog
D:\DOCUMENTS\GITHUB\BSPDEMO\BUILD\WIN32\DEBUG\INTERMEDIATE\RENDERER.OBJ
D:\Documents\GITHUB\BSPDemo\build\Win32\Debug\intermediate\vc100.idb
D:\DOCUMENTS\GITHUB\BSPDEMO\BUILD\WIN32\DEBUG\INTERMEDIATE\VC100.PDB
D:\DOCUMENTS\GITHUB\BSPDEMO\BUILD\WIN32\DEBUG\INTERMEDIATE\WAD.OBJ
D:\Documents\GITHUB\BSPDemo\src\..\build\Win32\Debug\BSPDemo.exe
D:\Documents\GITHUB\BSPDemo\src\..\build\Win32\Debug\BSPDemo.ilk
D:\Documents\GITHUB\BSPDemo\src\..\build\Win32\Debug\BSPDemo.pdb
