Build started 2014/03/16 21:48:17.
     1>Project "D:\Documents\GITHUB\BSPDemo\src\BSPDemo.vcxproj" on node 2 (build target(s)).
     1>InitializeBuildStatus:
         Creating "D:\Documents\GITHUB\BSPDemo\src\..\build\Win32\Debug\intermediate\BSPDemo.unsuccessfulbuild" because "AlwaysCreate" was specified.
       ClCompile:
         All outputs are up-to-date.
         D:\Program Files (x86)\Microsoft Visual Studio 10.0\VC\bin\CL.exe /c /ZI /nologo /W3 /WX- /Od /Oy- /D WIN32 /D _DEBUG /D _WINDOWS /D _UNICODE /D UNICODE /Gm /EHsc /RTC1 /MDd /GS /fp:precise /Zc:wchar_t /Zc:forScope /Fo"D:\Documents\GITHUB\BSPDemo\src\..\build\Win32\Debug\intermediate\\" /Fd"D:\Documents\GITHUB\BSPDemo\src\..\build\Win32\Debug\intermediate\vc100.pdb" /Gd /TP /analyze- /errorReport:prompt Renderer.cpp
         Renderer.cpp
       ManifestResourceCompile:
         All outputs are up-to-date.
       Link:
         D:\Program Files (x86)\Microsoft Visual Studio 10.0\VC\bin\link.exe /ERRORREPORT:PROMPT /OUT:"D:\Documents\GITHUB\BSPDemo\src\..\build\Win32\Debug\BSPDemo.exe" /INCREMENTAL /NOLOGO kernel32.lib user32.lib gdi32.lib winspool.lib comdlg32.lib advapi32.lib shell32.lib ole32.lib oleaut32.lib uuid.lib odbc32.lib odbccp32.lib /MANIFEST /ManifestFile:"D:\Documents\GITHUB\BSPDemo\src\..\build\Win32\Debug\intermediate\BSPDemo.exe.intermediate.manifest" /MANIFESTUAC:"level='asInvoker' uiAccess='false'" /DEBUG /PDB:"D:\Documents\GITHUB\BSPDemo\build\Win32\Debug\BSPDemo.pdb" /SUBSYSTEM:WINDOWS /TLBID:1 /DYNAMICBASE /NXCOMPAT /IMPLIB:"D:\Documents\GITHUB\BSPDemo\src\..\build\Win32\Debug\BSPDemo.lib" /MACHINE:X86 D:\Documents\GITHUB\BSPDemo\src\..\build\Win32\Debug\intermediate\BSPDemo.exe.embed.manifest.res
         D:\Documents\GITHUB\BSPDemo\src\..\build\Win32\Debug\intermediate\BSPDemo.obj
         D:\Documents\GITHUB\BSPDemo\src\..\build\Win32\Debug\intermediate\Common.obj
         D:\Documents\GITHUB\BSPDemo\src\..\build\Win32\Debug\intermediate\Edict.obj
         D:\Documents\GITHUB\BSPDemo\src\..\build\Win32\Debug\intermediate\Events.obj
         D:\Documents\GITHUB\BSPDemo\src\..\build\Win32\Debug\intermediate\GLFuncs.obj
         D:\Documents\GITHUB\BSPDemo\src\..\build\Win32\Debug\intermediate\GLSys.obj
         D:\Documents\GITHUB\BSPDemo\src\..\build\Win32\Debug\intermediate\Keys.obj
         D:\Documents\GITHUB\BSPDemo\src\..\build\Win32\Debug\intermediate\Menu.obj
         D:\Documents\GITHUB\BSPDemo\src\..\build\Win32\Debug\intermediate\Model.obj
         D:\Documents\GITHUB\BSPDemo\src\..\build\Win32\Debug\intermediate\Precompiled.obj
         D:\Documents\GITHUB\BSPDemo\src\..\build\Win32\Debug\intermediate\Renderer.obj
         D:\Documents\GITHUB\BSPDemo\src\..\build\Win32\Debug\intermediate\Wad.obj
       Manifest:
         C:\Program Files (x86)\Microsoft SDKs\Windows\v7.0A\bin\mt.exe /nologo /verbose /out:"D:\Documents\GITHUB\BSPDemo\src\..\build\Win32\Debug\intermediate\BSPDemo.exe.embed.manifest" /manifest D:\Documents\GITHUB\BSPDemo\src\..\build\Win32\Debug\intermediate\BSPDemo.exe.intermediate.manifest
         All outputs are up-to-date.
       LinkEmbedManifest:
         All outputs are up-to-date.
         BSPDemo.vcxproj -> D:\Documents\GITHUB\BSPDemo\src\..\build\Win32\Debug\BSPDemo.exe
       FinalizeBuildStatus:
         Deleting file "D:\Documents\GITHUB\BSPDemo\src\..\build\Win32\Debug\intermediate\BSPDemo.unsuccessfulbuild".
         Touching "D:\Documents\GITHUB\BSPDemo\src\..\build\Win32\Debug\intermediate\BSPDemo.lastbuildstate".
     1>Done Building Project "D:\Documents\GITHUB\BSPDemo\src\BSPDemo.vcxproj" (build target(s)).

Build succeeded.

Time Elapsed 00:00:03.12
